# JRE version: OpenJDK Runtime Environment (8.0_76-b03) (build 1.8.0_76-release-b03)
# Java VM: OpenJDK 64-Bit Server VM (25.76-b03 mixed mode windows-amd64 compressed oops)
Heap:
 PSYoungGen      total 349696K, used 232999K [0x00000000e0000000, 0x00000000ff100000, 0x0000000100000000)
  eden space 343040K, 67% used [0x00000000e0000000,0x00000000ee389d88,0x00000000f4f00000)
  from space 6656K, 0% used [0x00000000f4f00000,0x00000000f4f00000,0x00000000f5580000)
  to   space 82944K, 0% used [0x00000000fa000000,0x00000000fa000000,0x00000000ff100000)
 ParOldGen       total 200704K, used 64549K [0x00000000a0000000, 0x00000000ac400000, 0x00000000e0000000)
  object space 200704K, 32% used [0x00000000a0000000,0x00000000a3f09668,0x00000000ac400000)
 Metaspace       used 77239K, capacity 81380K, committed 81664K, reserved 1120256K
  class space    used 9932K, capacity 10719K, committed 10752K, reserved 1048576K
GC Heap History (10 events):
Event: 468.025 GC heap before
{Heap before GC invocations=35 (full 6):
 PSYoungGen      total 433664K, used 343040K [0x00000000e0000000, 0x0000000100000000, 0x0000000100000000)
  eden space 343040K, 100% used [0x00000000e0000000,0x00000000f4f00000,0x00000000f4f00000)
  from space 90624K, 0% used [0x00000000fa780000,0x00000000fa780000,0x0000000100000000)
  to   space 90624K, 0% used [0x00000000f4f00000,0x00000000f4f00000,0x00000000fa780000)
 ParOldGen       total 200704K, used 53673K [0x00000000a0000000, 0x00000000ac400000, 0x00000000e0000000)
  object space 200704K, 26% used [0x00000000a0000000,0x00000000a346a7b0,0x00000000ac400000)
 Metaspace       used 74959K, capacity 78108K, committed 78336K, reserved 1118208K
  class space    used 9591K, capacity 10236K, committed 10240K, reserved 1048576K
Event: 468.046 GC heap after
Heap after GC invocations=35 (full 6):
 PSYoungGen      total 353280K, used 10129K [0x00000000e0000000, 0x00000000ffa00000, 0x0000000100000000)
  eden space 343040K, 0% used [0x00000000e0000000,0x00000000e0000000,0x00000000f4f00000)
  from space 10240K, 98% used [0x00000000f4f00000,0x00000000f58e4430,0x00000000f5900000)
  to   space 87552K, 0% used [0x00000000fa480000,0x00000000fa480000,0x00000000ffa00000)
 ParOldGen       total 200704K, used 53681K [0x00000000a0000000, 0x00000000ac400000, 0x00000000e0000000)
  object space 200704K, 26% used [0x00000000a0000000,0x00000000a346c7b0,0x00000000ac400000)
 Metaspace       used 74959K, capacity 78108K, committed 78336K, reserved 1118208K
  class space    used 9591K, capacity 10236K, committed 10240K, reserved 1048576K
}
Event: 470.086 GC heap before
{Heap before GC invocations=36 (full 6):
 PSYoungGen      total 353280K, used 292191K [0x00000000e0000000, 0x00000000ffa00000, 0x0000000100000000)
  eden space 343040K, 82% used [0x00000000e0000000,0x00000000f13738a8,0x00000000f4f00000)
  from space 10240K, 98% used [0x00000000f4f00000,0x00000000f58e4430,0x00000000f5900000)
  to   space 87552K, 0% used [0x00000000fa480000,0x00000000fa480000,0x00000000ffa00000)
 ParOldGen       total 200704K, used 53681K [0x00000000a0000000, 0x00000000ac400000, 0x00000000e0000000)
  object space 200704K, 26% used [0x00000000a0000000,0x00000000a346c7b0,0x00000000ac400000)
 Metaspace       used 75214K, capacity 78450K, committed 78720K, reserved 1118208K
  class space    used 9606K, capacity 10261K, committed 10368K, reserved 1048576K
Event: 470.104 GC heap after
Heap after GC invocations=36 (full 6):
 PSYoungGen      total 426496K, used 5553K [0x00000000e0000000, 0x00000000ff600000, 0x0000000100000000)
  eden space 343040K, 0% used [0x00000000e0000000,0x00000000e0000000,0x00000000f4f00000)
  from space 83456K, 6% used [0x00000000fa480000,0x00000000fa9ec748,0x00000000ff600000)
  to   space 85504K, 0% used [0x00000000f4f00000,0x00000000f4f00000,0x00000000fa280000)
 ParOldGen       total 200704K, used 53689K [0x00000000a0000000, 0x00000000ac400000, 0x00000000e0000000)
  object space 200704K, 26% used [0x00000000a0000000,0x00000000a346e7b0,0x00000000ac400000)
 Metaspace       used 75214K, capacity 78450K, committed 78720K, reserved 1118208K
  class space    used 9606K, capacity 10261K, committed 10368K, reserved 1048576K
}
Event: 470.104 GC heap before
{Heap before GC invocations=37 (full 7):
 PSYoungGen      total 426496K, used 5553K [0x00000000e0000000, 0x00000000ff600000, 0x0000000100000000)
  eden space 343040K, 0% used [0x00000000e0000000,0x00000000e0000000,0x00000000f4f00000)
  from space 83456K, 6% used [0x00000000fa480000,0x00000000fa9ec748,0x00000000ff600000)
  to   space 85504K, 0% used [0x00000000f4f00000,0x00000000f4f00000,0x00000000fa280000)
 ParOldGen       total 200704K, used 53689K [0x00000000a0000000, 0x00000000ac400000, 0x00000000e0000000)
  object space 200704K, 26% used [0x00000000a0000000,0x00000000a346e7b0,0x00000000ac400000)
 Metaspace       used 75214K, capacity 78450K, committed 78720K, reserved 1118208K
  class space    used 9606K, capacity 10261K, committed 10368K, reserved 1048576K
Event: 470.788 GC heap after
Heap after GC invocations=37 (full 7):
 PSYoungGen      total 426496K, used 0K [0x00000000e0000000, 0x00000000ff600000, 0x0000000100000000)
  eden space 343040K, 0% used [0x00000000e0000000,0x00000000e0000000,0x00000000f4f00000)
  from space 83456K, 0% used [0x00000000fa480000,0x00000000fa480000,0x00000000ff600000)
  to   space 85504K, 0% used [0x00000000f4f00000,0x00000000f4f00000,0x00000000fa280000)
 ParOldGen       total 200704K, used 58808K [0x00000000a0000000, 0x00000000ac400000, 0x00000000e0000000)
  object space 200704K, 29% used [0x00000000a0000000,0x00000000a396e330,0x00000000ac400000)
 Metaspace       used 75194K, capacity 78428K, committed 78720K, reserved 1118208K
  class space    used 9600K, capacity 10255K, committed 10368K, reserved 1048576K
}
Event: 785.424 GC heap before
{Heap before GC invocations=38 (full 7):
 PSYoungGen      total 426496K, used 126005K [0x00000000e0000000, 0x00000000ff600000, 0x0000000100000000)
  eden space 343040K, 36% used [0x00000000e0000000,0x00000000e7b0d6c0,0x00000000f4f00000)
  from space 83456K, 0% used [0x00000000fa480000,0x00000000fa480000,0x00000000ff600000)
  to   space 85504K, 0% used [0x00000000f4f00000,0x00000000f4f00000,0x00000000fa280000)
 ParOldGen       total 200704K, used 58808K [0x00000000a0000000, 0x00000000ac400000, 0x00000000e0000000)
  object space 200704K, 29% used [0x00000000a0000000,0x00000000a396e330,0x00000000ac400000)
 Metaspace       used 76519K, capacity 80236K, committed 80512K, reserved 1120256K
  class space    used 9829K, capacity 10579K, committed 10624K, reserved 1048576K
Event: 785.438 GC heap after
Heap after GC invocations=38 (full 7):
 PSYoungGen      total 349696K, used 6273K [0x00000000e0000000, 0x00000000ff100000, 0x0000000100000000)
  eden space 343040K, 0% used [0x00000000e0000000,0x00000000e0000000,0x00000000f4f00000)
  from space 6656K, 94% used [0x00000000f4f00000,0x00000000f5520420,0x00000000f5580000)
  to   space 82944K, 0% used [0x00000000fa000000,0x00000000fa000000,0x00000000ff100000)
 ParOldGen       total 200704K, used 58816K [0x00000000a0000000, 0x00000000ac400000, 0x00000000e0000000)
  object space 200704K, 29% used [0x00000000a0000000,0x00000000a3970330,0x00000000ac400000)
 Metaspace       used 76519K, capacity 80236K, committed 80512K, reserved 1120256K
  class space    used 9829K, capacity 10579K, committed 10624K, reserved 1048576K
}
Event: 785.438 GC heap before
{Heap before GC invocations=39 (full 8):
 PSYoungGen      total 349696K, used 6273K [0x00000000e0000000, 0x00000000ff100000, 0x0000000100000000)
  eden space 343040K, 0% used [0x00000000e0000000,0x00000000e0000000,0x00000000f4f00000)
  from space 6656K, 94% used [0x00000000f4f00000,0x00000000f5520420,0x00000000f5580000)
  to   space 82944K, 0% used [0x00000000fa000000,0x00000000fa000000,0x00000000ff100000)
 ParOldGen       total 200704K, used 58816K [0x00000000a0000000, 0x00000000ac400000, 0x00000000e0000000)
  object space 200704K, 29% used [0x00000000a0000000,0x00000000a3970330,0x00000000ac400000)
 Metaspace       used 76519K, capacity 80236K, committed 80512K, reserved 1120256K
  class space    used 9829K, capacity 10579K, committed 10624K, reserved 1048576K
Event: 785.954 GC heap after
Heap after GC invocations=39 (full 8):
 PSYoungGen      total 349696K, used 0K [0x00000000e0000000, 0x00000000ff100000, 0x0000000100000000)
  eden space 343040K, 0% used [0x00000000e0000000,0x00000000e0000000,0x00000000f4f00000)
  from space 6656K, 0% used [0x00000000f4f00000,0x00000000f4f00000,0x00000000f5580000)
  to   space 82944K, 0% used [0x00000000fa000000,0x00000000fa000000,0x00000000ff100000)
 ParOldGen       total 200704K, used 64549K [0x00000000a0000000, 0x00000000ac400000, 0x00000000e0000000)
  object space 200704K, 32% used [0x00000000a0000000,0x00000000a3f09668,0x00000000ac400000)
 Metaspace       used 76519K, capacity 80236K, committed 80512K, reserved 1120256K
  class space    used 9829K, capacity 10579K, committed 10624K, reserved 1048576K
}

